[main.cpp:511]: 
Game Version: EU4 v1.32.2.0 Songhai
Time:2022-01-07 05:23
Configuration: Release
[trigger.cpp:4515]: Loaded trigger optimization profile with 6870 entries
[effectimplementation.cpp:22672]: Running CSetReligiousSchoolEffect::PostValidate, hanbali_school, muslim, 0, ---, 0
[effectimplementation.cpp:22672]: Running CSetReligiousSchoolEffect::PostValidate, shafii_school, muslim, 0, ---, 0
[effectimplementation.cpp:22672]: Running CSetReligiousSchoolEffect::PostValidate, hanbali_school, muslim, 0, ---, 0
[effectimplementation.cpp:22672]: Running CSetReligiousSchoolEffect::PostValidate, maliki_school, muslim, 0, ---, 0
[effectimplementation.cpp:22672]: Running CSetReligiousSchoolEffect::PostValidate, hanafi_school, muslim, 0, ---, 0
[effectimplementation.cpp:22672]: Running CSetReligiousSchoolEffect::PostValidate, jafari_school, muslim, 0, ---, 0
[effectimplementation.cpp:22672]: Running CSetReligiousSchoolEffect::PostValidate, zaidi_school, muslim, 0, ---, 0
[effectimplementation.cpp:22672]: Running CSetReligiousSchoolEffect::PostValidate, shafii_school, muslim, 0, ---, 0
[effectimplementation.cpp:22672]: Running CSetReligiousSchoolEffect::PostValidate, ismaili_school, muslim, 0, ---, 0
[effectimplementation.cpp:22672]: Running CSetReligiousSchoolEffect::PostValidate, hanafi_school, muslim, 0, ---, 0
[effectimplementation.cpp:22672]: Running CSetReligiousSchoolEffect::PostValidate, hanbali_school, muslim, 0, ---, 0
[effectimplementation.cpp:22672]: Running CSetReligiousSchoolEffect::PostValidate, maliki_school, muslim, 0, ---, 0
[effectimplementation.cpp:22672]: Running CSetReligiousSchoolEffect::PostValidate, shafii_school, muslim, 0, ---, 0
[effectimplementation.cpp:22672]: Running CSetReligiousSchoolEffect::PostValidate, jafari_school, muslim, 0, ---, 0
[effectimplementation.cpp:22672]: Running CSetReligiousSchoolEffect::PostValidate, ismaili_school, muslim, 0, ---, 0
[effectimplementation.cpp:22672]: Running CSetReligiousSchoolEffect::PostValidate, zaidi_school, muslim, 0, ---, 0
[history.cpp:468]: Executing History from -1.01.01 to  2.01.01
[history.cpp:468]: Executing History from 2.01.01 to  1444.11.11
[pdx_dlc.cpp:117]: Setting up DLC Star and Crescent : Enabled
[pdx_dlc.cpp:117]: Setting up DLC American Dream : Enabled
[pdx_dlc.cpp:117]: Setting up DLC Purple Phoenix : Enabled
[pdx_dlc.cpp:117]: Setting up DLC Conquest of Paradise : Enabled
[pdx_dlc.cpp:117]: Setting up DLC Wealth of Nations : Enabled
[pdx_dlc.cpp:117]: Setting up DLC Res Publica : Enabled
[pdx_dlc.cpp:117]: Setting up DLC Art of War : Enabled
[pdx_dlc.cpp:117]: Setting up DLC El Dorado : Enabled
[pdx_dlc.cpp:117]: Setting up DLC Women in History : Enabled
[pdx_dlc.cpp:117]: Setting up DLC Common Sense : Enabled
[pdx_dlc.cpp:117]: Setting up DLC The Cossacks : Enabled
[pdx_dlc.cpp:117]: Setting up DLC Muslim Advisor Portraits : Enabled
[pdx_dlc.cpp:117]: Setting up DLC National Monuments : Enabled
[pdx_dlc.cpp:117]: Setting up DLC National Monuments II : Enabled
[pdx_dlc.cpp:117]: Setting up DLC Mare Nostrum : Enabled
[pdx_dlc.cpp:117]: Setting up DLC Rights of Man : Enabled
[pdx_dlc.cpp:117]: Setting up DLC Mandate of Heaven : Enabled
[pdx_dlc.cpp:117]: Setting up DLC Third Rome : Enabled
[pdx_dlc.cpp:117]: Setting up DLC Cradle of Civilization : Enabled
[pdx_dlc.cpp:117]: Setting up DLC Rule Britannia : Enabled
[pdx_dlc.cpp:117]: Setting up DLC Dharma : Enabled
[pdx_dlc.cpp:117]: Setting up DLC Dharma - Indian Sultanate Pack : Enabled
[pdx_dlc.cpp:117]: Setting up DLC Dharma - Hindu Unit Pack : Enabled
[pdx_dlc.cpp:117]: Setting up DLC Golden Century : Enabled
[pdx_dlc.cpp:117]: Setting up DLC Emperor : Enabled
[pdx_dlc.cpp:117]: Setting up DLC Leviathan : Enabled
[pdx_dlc.cpp:117]: Setting up DLC Origins : Enabled
[pdx_dlc.cpp:117]: Setting up DLC Star and Crescent : Enabled
[pdx_dlc.cpp:117]: Setting up DLC American Dream : Enabled
[pdx_dlc.cpp:117]: Setting up DLC Purple Phoenix : Enabled
[pdx_dlc.cpp:117]: Setting up DLC Conquest of Paradise : Enabled
[pdx_dlc.cpp:117]: Setting up DLC Wealth of Nations : Enabled
[pdx_dlc.cpp:117]: Setting up DLC Res Publica : Enabled
[pdx_dlc.cpp:117]: Setting up DLC Art of War : Enabled
[pdx_dlc.cpp:117]: Setting up DLC El Dorado : Enabled
[pdx_dlc.cpp:117]: Setting up DLC Women in History : Enabled
[pdx_dlc.cpp:117]: Setting up DLC Common Sense : Enabled
[pdx_dlc.cpp:117]: Setting up DLC The Cossacks : Enabled
[pdx_dlc.cpp:117]: Setting up DLC Muslim Advisor Portraits : Enabled
[pdx_dlc.cpp:117]: Setting up DLC National Monuments : Enabled
[pdx_dlc.cpp:117]: Setting up DLC National Monuments II : Enabled
[pdx_dlc.cpp:117]: Setting up DLC Mare Nostrum : Enabled
[pdx_dlc.cpp:117]: Setting up DLC Rights of Man : Enabled
[pdx_dlc.cpp:117]: Setting up DLC Mandate of Heaven : Enabled
[pdx_dlc.cpp:117]: Setting up DLC Third Rome : Enabled
[pdx_dlc.cpp:117]: Setting up DLC Cradle of Civilization : Enabled
[pdx_dlc.cpp:117]: Setting up DLC Rule Britannia : Enabled
[pdx_dlc.cpp:117]: Setting up DLC Dharma : Enabled
[pdx_dlc.cpp:117]: Setting up DLC Dharma - Indian Sultanate Pack : Enabled
[pdx_dlc.cpp:117]: Setting up DLC Dharma - Hindu Unit Pack : Enabled
[pdx_dlc.cpp:117]: Setting up DLC Golden Century : Enabled
[pdx_dlc.cpp:117]: Setting up DLC Emperor : Enabled
[pdx_dlc.cpp:117]: Setting up DLC Leviathan : Enabled
[pdx_dlc.cpp:117]: Setting up DLC Origins : Enabled
[controlcommands.cpp:162]: Human KLF chosenvictor set as primary local, no one before was primary local of Dulkadir
[controlcommands.cpp:162]: Human KLF chosenvictor set as primary local, no one before was primary local of Aq Qoyunlu
[controlcommands.cpp:162]: Human KLF chosenvictor set as primary local, no one before was primary local of Livonian Order
[controlcommands.cpp:162]: Human KLF chosenvictor set as primary local, no one before was primary local of Aq Qoyunlu
[gamesetup.cpp:3321]: Hosting new MP game, Nakama ID : 
[frontend.cpp:1490]: 

		[[ Launching SINGLEPLAYER-game ]]
	Start-date: 1444.11.11

[history.cpp:580]: Executing Late History from -1.01.01 to  2.01.01
[history.cpp:580]: Executing Late History from 2.01.01 to  1444.11.11
[ingameidler.cpp:4964]: Start RestoreDeviceObjects
[ingamelobby.cpp:320]: Making Lobby Human Item for: KLF chosenvictor(1)
[ingamelobby.cpp:347]: Adding player KLF chosenvictor to list
[ingamelobby.cpp:372]: constr: Local player is KLF chosenvictor session id is 1
[ingamelobby.cpp:837]: Onchat:Local player is KLF chosenvictor session id is 1
[gamestate.cpp:5296]: CAS is a 'lucky' nation (historical).
[gamestate.cpp:5296]: TUR is a 'lucky' nation (historical).
[gamestate.cpp:5296]: MOS is a 'lucky' nation (historical).
[gamestate.cpp:5296]: ENG is a 'lucky' nation (historical).
[gamestate.cpp:5296]: FRA is a 'lucky' nation (historical).
[gamestate.cpp:5296]: HAB is a 'lucky' nation (historical).
[gamestate.cpp:5296]: POR is a 'lucky' nation (historical).
[gamestate.cpp:5296]: BRA is a 'lucky' nation (historical).
[ingameidler.cpp:5558]: End RestoreDeviceObjects
[ingamelobby.cpp:565]: A player has arrived. Name: KLF chosenvictor, ID: 1
[ingamelobby.cpp:581]: Found KLF chosenvictor
[ingamelobby.cpp:837]: Onchat:Local player is KLF chosenvictor session id is 1
[ingamelobby.cpp:594]: PlrArrived2: Local player is Aq Qoyunlu
[ingamelobby.cpp:837]: Onchat:Local player is KLF chosenvictor session id is 1
[ingamelobby.cpp:631]: PlayerArrived3: Local player is KLF chosenvictor session id is 1
[controlcommands.cpp:162]: Human KLF chosenvictor set as primary local, no one before was primary local of Aq Qoyunlu
[controlcommands.cpp:248]: Human KLF chosenvictor set as primary local, the previous primary local has left the country
[messagehandler.cpp:325]: 11 November 1444 - We have changed our capital to Shatt.
[messagehandler.cpp:325]: 11 November 1444 - Decision: Unite Mountain Mutts for player.
[messagehandler.cpp:325]: 11 November 1444 - We changed our form of government to Beylik.
[messagehandler.cpp:325]: 11 November 1444 - Gained Levantine as a cultural union.
[controlcommands.cpp:162]: Human KLF chosenvictor set as primary local, no one before was primary local of Kurdistan
[controlcommands.cpp:162]: Human KLF chosenvictor set as primary local, no one before was primary local of Hormuz
[messagehandler.cpp:325]: 11 November 1444 - Decision: Form Arabia for player.
[messagehandler.cpp:325]: 11 November 1444 - Gained Levantine as a cultural union.
[messagehandler.cpp:325]: 11 November 1444 - We changed our form of government to Malikate.
[messagehandler.cpp:325]: 11 November 1444 - Husayn ibn Ali will now rule our glorious nation! 
[controlcommands.cpp:162]: Human KLF chosenvictor set as primary local, no one before was primary local of Arabia
[eventwindow.cpp:546]: Selected event option 0 for event ideagroups.1
[messagehandler.cpp:325]: 11 November 1444 - Event: 'New Traditions & Ambitions' for player.
[controlcommands.cpp:162]: Human KLF chosenvictor set as primary local, no one before was primary local of Austria
