[country.cpp:6895]: AST had no default sub-unit defined for 'Infantry' Assigning Eastern Archers
[country.cpp:6895]: AST had no default sub-unit defined for 'Cavalry' Assigning Eastern Steppe Cavalry
[country.cpp:6895]: CRI had no default sub-unit defined for 'Infantry' Assigning Eastern Archers
[country.cpp:6895]: CRI had no default sub-unit defined for 'Cavalry' Assigning Eastern Steppe Cavalry
[country.cpp:6895]: KAZ had no default sub-unit defined for 'Infantry' Assigning Eastern Archers
[country.cpp:6895]: KAZ had no default sub-unit defined for 'Cavalry' Assigning Eastern Steppe Cavalry
[country.cpp:6895]: QAS had no default sub-unit defined for 'Infantry' Assigning Eastern Archers
[country.cpp:6895]: QAS had no default sub-unit defined for 'Cavalry' Assigning Eastern Steppe Cavalry
[country.cpp:6895]: NOG had no default sub-unit defined for 'Infantry' Assigning Eastern Archers
[country.cpp:6895]: NOG had no default sub-unit defined for 'Cavalry' Assigning Eastern Steppe Cavalry
[country.cpp:6895]: SIB had no default sub-unit defined for 'Infantry' Assigning Eastern Archers
[country.cpp:6895]: SIB had no default sub-unit defined for 'Cavalry' Assigning Eastern Steppe Cavalry
[country.cpp:6895]: BSH had no default sub-unit defined for 'Infantry' Assigning Eastern Archers
[country.cpp:6895]: BSH had no default sub-unit defined for 'Cavalry' Assigning Eastern Steppe Cavalry
[country.cpp:6895]: GOL had no default sub-unit defined for 'Infantry' Assigning Eastern Archers
[country.cpp:6895]: GOL had no default sub-unit defined for 'Cavalry' Assigning Eastern Steppe Cavalry
[country.cpp:6895]: GLH had no default sub-unit defined for 'Infantry' Assigning Eastern Archers
[country.cpp:6895]: GLH had no default sub-unit defined for 'Cavalry' Assigning Eastern Steppe Cavalry
[country.cpp:6895]: AKK had no default sub-unit defined for 'Cavalry' Assigning Charge Cavalry
[country.cpp:6895]: AKK had no default sub-unit defined for 'Infantry' Assigning Muslim Archer
[country.cpp:6895]: KZH had no default sub-unit defined for 'Infantry' Assigning Eastern Archers
[country.cpp:6895]: KZH had no default sub-unit defined for 'Cavalry' Assigning Eastern Steppe Cavalry
[country.cpp:6895]: SHY had no default sub-unit defined for 'Infantry' Assigning Eastern Archers
[country.cpp:6895]: SHY had no default sub-unit defined for 'Cavalry' Assigning Eastern Steppe Cavalry
[country.cpp:6895]: QAR had no default sub-unit defined for 'Cavalry' Assigning Charge Cavalry
[country.cpp:6895]: QAR had no default sub-unit defined for 'Infantry' Assigning Muslim Archer
[country.cpp:6895]: TIM had no default sub-unit defined for 'Cavalry' Assigning Charge Cavalry
[country.cpp:6895]: TIM had no default sub-unit defined for 'Infantry' Assigning Muslim Archer
[country.cpp:6895]: TRS had no default sub-unit defined for 'Cavalry' Assigning Charge Cavalry
[country.cpp:6895]: TRS had no default sub-unit defined for 'Infantry' Assigning Muslim Archer
[country.cpp:6895]: CHG had no default sub-unit defined for 'Infantry' Assigning Eastern Archers
[country.cpp:6895]: CHG had no default sub-unit defined for 'Cavalry' Assigning Eastern Steppe Cavalry
[country.cpp:6895]: KHA had no default sub-unit defined for 'Infantry' Assigning Eastern Archers
[country.cpp:6895]: KHA had no default sub-unit defined for 'Cavalry' Assigning Eastern Steppe Cavalry
[country.cpp:6895]: MCH had no default sub-unit defined for 'Infantry' Assigning Eastern Archers
[country.cpp:6895]: MCH had no default sub-unit defined for 'Cavalry' Assigning Eastern Steppe Cavalry
[country.cpp:6895]: OIR had no default sub-unit defined for 'Infantry' Assigning Eastern Archers
[country.cpp:6895]: OIR had no default sub-unit defined for 'Cavalry' Assigning Eastern Steppe Cavalry
[country.cpp:6895]: ILK had no default sub-unit defined for 'Cavalry' Assigning Charge Cavalry
[country.cpp:6895]: ILK had no default sub-unit defined for 'Infantry' Assigning Muslim Archer
[country.cpp:6895]: KLM had no default sub-unit defined for 'Infantry' Assigning Eastern Archers
[country.cpp:6895]: KLM had no default sub-unit defined for 'Cavalry' Assigning Eastern Steppe Cavalry
[country.cpp:6895]: MGE had no default sub-unit defined for 'Infantry' Assigning Eastern Archers
[country.cpp:6895]: MGE had no default sub-unit defined for 'Cavalry' Assigning Eastern Steppe Cavalry
[country.cpp:6895]: NVK had no default sub-unit defined for 'Cavalry' Assigning East Asian Archer Cavalry
[country.cpp:6895]: NVK had no default sub-unit defined for 'Infantry' Assigning East Asian Spearmen
[country.cpp:6895]: SOL had no default sub-unit defined for 'Cavalry' Assigning East Asian Archer Cavalry
[country.cpp:6895]: SOL had no default sub-unit defined for 'Infantry' Assigning East Asian Spearmen
[country.cpp:6895]: EJZ had no default sub-unit defined for 'Infantry' Assigning Eastern Archers
[country.cpp:6895]: EJZ had no default sub-unit defined for 'Cavalry' Assigning Eastern Steppe Cavalry
[country.cpp:6895]: NHX had no default sub-unit defined for 'Infantry' Assigning Eastern Archers
[country.cpp:6895]: NHX had no default sub-unit defined for 'Cavalry' Assigning Eastern Steppe Cavalry
[country.cpp:6895]: MYR had no default sub-unit defined for 'Infantry' Assigning Eastern Archers
[country.cpp:6895]: MYR had no default sub-unit defined for 'Cavalry' Assigning Eastern Steppe Cavalry
[country.cpp:6895]: MHX had no default sub-unit defined for 'Infantry' Assigning Eastern Archers
[country.cpp:6895]: MHX had no default sub-unit defined for 'Cavalry' Assigning Eastern Steppe Cavalry
[country.cpp:6895]: MJZ had no default sub-unit defined for 'Infantry' Assigning Eastern Archers
[country.cpp:6895]: MJZ had no default sub-unit defined for 'Cavalry' Assigning Eastern Steppe Cavalry
[country.cpp:6895]: KRC had no default sub-unit defined for 'Infantry' Assigning Eastern Archers
[country.cpp:6895]: KRC had no default sub-unit defined for 'Cavalry' Assigning Eastern Steppe Cavalry
[country.cpp:6895]: KLK had no default sub-unit defined for 'Infantry' Assigning Eastern Archers
[country.cpp:6895]: KLK had no default sub-unit defined for 'Cavalry' Assigning Eastern Steppe Cavalry
[country.cpp:6895]: HMI had no default sub-unit defined for 'Infantry' Assigning Eastern Archers
[country.cpp:6895]: HMI had no default sub-unit defined for 'Cavalry' Assigning Eastern Steppe Cavalry
[country.cpp:6895]: ZUN had no default sub-unit defined for 'Infantry' Assigning Eastern Archers
[country.cpp:6895]: ZUN had no default sub-unit defined for 'Cavalry' Assigning Eastern Steppe Cavalry
[country.cpp:6895]: CHH had no default sub-unit defined for 'Infantry' Assigning Eastern Archers
[country.cpp:6895]: CHH had no default sub-unit defined for 'Cavalry' Assigning Eastern Steppe Cavalry
[country.cpp:6895]: KSD had no default sub-unit defined for 'Infantry' Assigning Eastern Archers
[country.cpp:6895]: KSD had no default sub-unit defined for 'Cavalry' Assigning Eastern Steppe Cavalry
[country.cpp:6895]: SYG had no default sub-unit defined for 'Infantry' Assigning Eastern Archers
[country.cpp:6895]: SYG had no default sub-unit defined for 'Cavalry' Assigning Eastern Steppe Cavalry
[country.cpp:6895]: ROM had no default sub-unit defined for 'Infantry' Assigning Latin Medieval Infantry
[country.cpp:6895]: ROM had no default sub-unit defined for 'Cavalry' Assigning Latin Knights
[gamestate.cpp:6321]: 1444.11.11 Synthetics has no primary culture specified.
[gamestate.cpp:6330]: 1444.11.11 Synthetics has no religion specified.
[gamestate.cpp:6321]: 1444.11.11 NEG has no primary culture specified.
[gamestate.cpp:6324]: 1444.11.11 NEG has no government type specified.
[gamestate.cpp:6327]: 1444.11.11 NEG has no technology group specified.
[gamestate.cpp:6330]: 1444.11.11 NEG has no religion specified.
[gamestate.cpp:6321]: 1444.11.11 BLV has no primary culture specified.
[gamestate.cpp:6324]: 1444.11.11 BLV has no government type specified.
[gamestate.cpp:6327]: 1444.11.11 BLV has no technology group specified.
[gamestate.cpp:6330]: 1444.11.11 BLV has no religion specified.
[gamestate.cpp:6321]: 1444.11.11 Columbia has no primary culture specified.
[gamestate.cpp:6324]: 1444.11.11 Columbia has no government type specified.
[gamestate.cpp:6327]: 1444.11.11 Columbia has no technology group specified.
[gamestate.cpp:6330]: 1444.11.11 Columbia has no religion specified.
[gamestate.cpp:6321]: 1444.11.11 China has no primary culture specified.
[gamestate.cpp:6324]: 1444.11.11 China has no government type specified.
[gamestate.cpp:6327]: 1444.11.11 China has no technology group specified.
[gamestate.cpp:6330]: 1444.11.11 China has no religion specified.
[gamestate.cpp:6321]: 1444.11.11 Wakanda has no primary culture specified.
[gamestate.cpp:6324]: 1444.11.11 Wakanda has no government type specified.
[gamestate.cpp:6327]: 1444.11.11 Wakanda has no technology group specified.
[gamestate.cpp:6330]: 1444.11.11 Wakanda has no religion specified.
[gamestate.cpp:6321]: 1444.11.11 Kurdistan has no primary culture specified.
[gamestate.cpp:6324]: 1444.11.11 Kurdistan has no government type specified.
[gamestate.cpp:6327]: 1444.11.11 Kurdistan has no technology group specified.
[gamestate.cpp:6330]: 1444.11.11 Kurdistan has no religion specified.
[gamestate.cpp:6321]: 1444.11.11 The Soviet Union has no primary culture specified.
[gamestate.cpp:6324]: 1444.11.11 The Soviet Union has no government type specified.
[gamestate.cpp:6327]: 1444.11.11 The Soviet Union has no technology group specified.
[gamestate.cpp:6330]: 1444.11.11 The Soviet Union has no religion specified.
