[systemsettings.cpp:208]: System memory:   32681MB
[systemsettings.cpp:215]: CPU speed:       0MHz
[systemsettings.cpp:220]: Number of processors: 16
[systemsettings.cpp:226]: CPU type: x64
[systemsettings.cpp:281]: OS: Windows 8     Build: 9200
[gfx_dx9.cpp:4080]: Loading settings for adapter -1, fullscreen=0, multisample=15
[gfx_dx9.cpp:4112]: Graphic Adapters: 
[gfx_dx9.cpp:4120]: 	0: AMD Radeon RX 6700 XT
[gfx_dx9.cpp:4142]: Using Adapter [0] to check for multi-sampling support:
[gfx_dx9.cpp:4161]: Using Adapter [0]:
[gfx_dx9.cpp:4170]: Graphics device: AMD Radeon RX 6700 XT
[gfx_dx9.cpp:4171]: Graphics driver: aticfx64.dll
[gfx_dx9.cpp:4172]: Driver version: 3017
[gfx_dx9.cpp:4215]: Attempting to Create Device for Adapter 0 ...
[gfx_dx9.cpp:4222]: Succeeded to create a device [D3DCREATE_HARDWARE_VERTEXPROCESSING].
[gfx_dx9.cpp:4275]: 


Dumping all gfx info:
DeviceIdentifier:	{D7B71EE2-309F-11CF-F57C-B2326EC2D335}
VendorId:	4098
DeviceId:	29663
SubSysId:	604574860
Revision:	193
DriverVersion.HighPart:	1966080
DriverVersion.LowPart:	918227913


[gfx_dx9.cpp:4294]: Instancing supported.
[gfx_dx9.cpp:4304]: Video memory amount: 12243MB
[gfx_dx9.cpp:4305]: MaxSimultaneousTextures: 8
[gfx_dx9.cpp:4306]: MaxVertexBlendMatrices: 4
[gfx_dx9.cpp:4307]: MaxVertexBlendMatrixIndex: 8
[gfx_dx9.cpp:4308]: MaxSimultaneousTextures: 8
[gfx_dx9.cpp:4309]: MaxTextureBlendStages: 8
[gfx_dx9.cpp:4310]: MaxTextureWidth: 16384
[gfx_dx9.cpp:4311]: MaxTextureHeight: 16384
[gfx_dx9.cpp:4314]: Vertex Shader version: 3.0
[gfx_dx9.cpp:4320]: Pixel Shader version: 3.0
[graphicssettings.cpp:153]: 	2 samples supported.
[graphicssettings.cpp:153]: 	4 samples supported.
[graphicssettings.cpp:153]: 	8 samples supported.
[graphicssettings.cpp:191]: Support for Anisotropic filtering found.
[graphicssettings.cpp:195]: 	Max Anisotropic filtering supported: 16
[graphicssettings.cpp:196]: 	Anisotropic filtering set to: 4
[main.cpp:1511]: EU4 Version Nov 24 2021 : 13:50:24
[main.cpp:1520]: Creating application...
[main.cpp:1566]: Initializing application...
[main.cpp:1567]: Language: l_english
[eu4application.cpp:498]: Initializing application...
[eu4application.cpp:505]: Done initializing application
[eu4application.cpp:512]: Loading cursor...
[eu4application.cpp:586]: Done loading cursor
[eu4application.cpp:588]: Initializing sound...
[eu4application.cpp:603]: Done initializing sound
[eu4application.cpp:605]: Initializing graphics...
[graphicssettings.cpp:730]: Using multisampling: 4
[graphics.cpp:815]: Creating device with: HARDWARE_VERTEXPROCESSING
	Fullscreen=no
	Resolution=1920x1080
[graphicssettings.cpp:698]: Usable res: 640 480 59
[graphicssettings.cpp:698]: Usable res: 640 480 67
[graphicssettings.cpp:698]: Usable res: 640 480 72
[graphicssettings.cpp:698]: Usable res: 640 480 75
[graphicssettings.cpp:698]: Usable res: 640 480 100
[graphicssettings.cpp:698]: Usable res: 640 480 119
[graphicssettings.cpp:698]: Usable res: 640 480 120
[graphicssettings.cpp:698]: Usable res: 640 480 144
[graphicssettings.cpp:698]: Usable res: 720 400 59
[graphicssettings.cpp:698]: Usable res: 720 400 70
[graphicssettings.cpp:698]: Usable res: 720 400 100
[graphicssettings.cpp:698]: Usable res: 720 400 119
[graphicssettings.cpp:698]: Usable res: 720 400 120
[graphicssettings.cpp:698]: Usable res: 720 400 144
[graphicssettings.cpp:698]: Usable res: 720 480 59
[graphicssettings.cpp:698]: Usable res: 720 480 100
[graphicssettings.cpp:698]: Usable res: 720 480 119
[graphicssettings.cpp:698]: Usable res: 720 480 120
[graphicssettings.cpp:698]: Usable res: 720 480 144
[graphicssettings.cpp:698]: Usable res: 720 576 50
[graphicssettings.cpp:698]: Usable res: 720 576 59
[graphicssettings.cpp:698]: Usable res: 720 576 100
[graphicssettings.cpp:698]: Usable res: 720 576 119
[graphicssettings.cpp:698]: Usable res: 720 576 120
[graphicssettings.cpp:698]: Usable res: 720 576 144
[graphicssettings.cpp:698]: Usable res: 800 600 56
[graphicssettings.cpp:698]: Usable res: 800 600 60
[graphicssettings.cpp:698]: Usable res: 800 600 72
[graphicssettings.cpp:698]: Usable res: 800 600 75
[graphicssettings.cpp:698]: Usable res: 800 600 100
[graphicssettings.cpp:698]: Usable res: 800 600 119
[graphicssettings.cpp:698]: Usable res: 800 600 120
[graphicssettings.cpp:698]: Usable res: 800 600 144
[graphicssettings.cpp:698]: Usable res: 832 624 59
[graphicssettings.cpp:698]: Usable res: 832 624 75
[graphicssettings.cpp:698]: Usable res: 832 624 100
[graphicssettings.cpp:698]: Usable res: 832 624 119
[graphicssettings.cpp:698]: Usable res: 832 624 120
[graphicssettings.cpp:698]: Usable res: 832 624 144
[graphicssettings.cpp:698]: Usable res: 1024 768 60
[graphicssettings.cpp:698]: Usable res: 1024 768 70
[graphicssettings.cpp:698]: Usable res: 1024 768 75
[graphicssettings.cpp:698]: Usable res: 1024 768 100
[graphicssettings.cpp:698]: Usable res: 1024 768 119
[graphicssettings.cpp:698]: Usable res: 1024 768 120
[graphicssettings.cpp:698]: Usable res: 1024 768 144
[graphicssettings.cpp:698]: Usable res: 1280 720 50
[graphicssettings.cpp:698]: Usable res: 1280 720 59
[graphicssettings.cpp:698]: Usable res: 1280 720 100
[graphicssettings.cpp:698]: Usable res: 1280 720 119
[graphicssettings.cpp:698]: Usable res: 1280 720 120
[graphicssettings.cpp:698]: Usable res: 1280 720 144
[graphicssettings.cpp:698]: Usable res: 1280 1024 60
[graphicssettings.cpp:698]: Usable res: 1280 1024 75
[graphicssettings.cpp:698]: Usable res: 1280 1024 100
[graphicssettings.cpp:698]: Usable res: 1280 1024 119
[graphicssettings.cpp:698]: Usable res: 1280 1024 120
[graphicssettings.cpp:698]: Usable res: 1280 1024 144
[graphicssettings.cpp:698]: Usable res: 1366 768 60
[graphicssettings.cpp:698]: Usable res: 1366 768 100
[graphicssettings.cpp:698]: Usable res: 1366 768 119
[graphicssettings.cpp:698]: Usable res: 1366 768 120
[graphicssettings.cpp:698]: Usable res: 1366 768 144
[graphicssettings.cpp:698]: Usable res: 1440 900 60
[graphicssettings.cpp:698]: Usable res: 1440 900 100
[graphicssettings.cpp:698]: Usable res: 1440 900 119
[graphicssettings.cpp:698]: Usable res: 1440 900 120
[graphicssettings.cpp:698]: Usable res: 1440 900 144
[graphicssettings.cpp:698]: Usable res: 1600 900 60
[graphicssettings.cpp:698]: Usable res: 1600 900 100
[graphicssettings.cpp:698]: Usable res: 1600 900 119
[graphicssettings.cpp:698]: Usable res: 1600 900 120
[graphicssettings.cpp:698]: Usable res: 1600 900 144
[graphicssettings.cpp:698]: Usable res: 1680 1050 60
[graphicssettings.cpp:698]: Usable res: 1680 1050 100
[graphicssettings.cpp:698]: Usable res: 1680 1050 119
[graphicssettings.cpp:698]: Usable res: 1680 1050 120
[graphicssettings.cpp:698]: Usable res: 1680 1050 144
[graphicssettings.cpp:698]: Usable res: 1920 1080 50
[graphicssettings.cpp:698]: Usable res: 1920 1080 59
[graphicssettings.cpp:698]: Usable res: 1920 1080 100
[graphicssettings.cpp:698]: Usable res: 1920 1080 119
[graphicssettings.cpp:698]: Usable res: 1920 1080 120
[graphicssettings.cpp:698]: Usable res: 1920 1080 144
[graphics.cpp:849]: Done creating device.
[eu4application.cpp:721]: Done initializing graphics
[main.cpp:1669]: Running application...
